tweet thread running
mention thread running
reply thread running
Bot started
No tweet found in settings skipping tweet
Tweet function stopped
Commented to karanpopatyt
Commented to karanpopatyt
Commented to karanpopatyt
Commented to karanpopatyt
Commented to karanpopatyt
Commented to karanpopatyt
Commented to karanpopatyt
Commented to karanpopatyt
Commented to karanpopatyt
Commented to karanpopatyt
Commented to karanpopatyt
Commented to karanpopatyt
Commented to karanpopatyt
Replied to DM :- 33shyam33
stopping Bot
Mention function stopped
Replied to DM :- 33shyam33
Reply function stopped
