mention thread running
reply thread running
Bot started
Commented to 33shyam33
Replied to DM :- 33shyam33
mention thread running
reply thread running
Bot started
stopping Bot
Mention function stopped
Reply function stopped
mention thread running
reply thread running
Bot started
mention thread running
reply thread running
Bot started
Reply function stopped
mention thread running
reply thread running
Bot started
Reply function stopped
mention thread running
reply thread running
Bot started
Reply function stopped
mention thread running
reply thread running
Bot started
Reply function stopped
mention thread running
reply thread running
Bot started
Reply function stopped
mention thread running
reply thread running
Bot started
Reply function stopped
mention thread running
reply thread running
Bot started
Reply function stopped
mention thread running
reply thread running
Bot started
Replied to DM :- 33shyam33
Tweet post created
Tweeted
Tweet post created
Tweeted
mention thread running
reply thread running
Bot started
Replied to DM :- 33shyam33
Replied to DM :- 33shyam33
Replied to DM :- 33shyam33
Replied to DM :- 33shyam33
Replied to DM :- 33shyam33
Replied to DM :- 33shyam33
Replied to DM :- 33shyam33
Reply function stopped
mention thread running
reply thread running
Bot started
Replied to DM :- 33shyam33
Replied to DM :- 33shyam33
Tweet post created
Tweeted
mention thread running
reply thread running
Bot started
mention thread running
reply thread running
Bot started
Replied to DM :- 33shyam33
Replied to DM :- 33shyam33
Replied to DM :- 33shyam33
Replied to DM :- 33shyam33
mention thread running
reply thread running
Bot started
stopping Bot
Mention function stopped
Reply function stopped
Tweet post created
Tweet post created
Tweet post created will tweet in 63.82989811897278 seconds.
Tweet post created will tweet in 116.06226396560669 seconds.
Tweeted
Tweeted
submitted time 2020-09-24T15:05 conv time2020-09-24 15:05:00 timestamp 1600940100.0
now 2020-09-24 15:02:34.744211 timestamp 1600939954.744211
Tweet post created will tweet in 145.26163291931152 seconds.
submitted time 2020-09-24T15:08 conv time2020-09-24 15:08:00 timestamp 1600940280.0
now 2020-09-24 15:04:46.314570 timestamp 1600940086.31457
Tweet post created will tweet in 193.690416097641 seconds.
Tweeted
Tweeted
Tweet post created will tweet in 95 seconds.
Tweeted
